<?xml version="1.0" encoding="UTF-8"?>
<testsuite xmlns:xsi="http://www.w3.org/2001/XMLSchema-instance" xsi:noNamespaceSchemaLocation="https://maven.apache.org/surefire/maven-surefire-plugin/xsd/surefire-test-report-3.0.xsd" version="3.0" name="hw1.problem1.TestPairWise3" time="0.022" tests="9" errors="0" skipped="0" failures="0">
  <properties>
    <property name="java.specification.version" value="22"/>
    <property name="sun.jnu.encoding" value="UTF-8"/>
    <property name="java.class.path" value="/Users/nisargdoshi/Documents/Fall 24/Testing /hw-1-solution/hw-1/hw-1-files/coding-problems/target/test-classes:/Users/nisargdoshi/Documents/Fall 24/Testing /hw-1-solution/hw-1/hw-1-files/coding-problems/target/classes:/Users/nisargdoshi/.m2/repository/junit/junit/4.12/junit-4.12.jar:/Users/nisargdoshi/.m2/repository/org/hamcrest/hamcrest-core/1.3/hamcrest-core-1.3.jar:"/>
    <property name="java.vm.vendor" value="Homebrew"/>
    <property name="sun.arch.data.model" value="64"/>
    <property name="java.vendor.url" value="https://github.com/Homebrew/homebrew-core/issues"/>
    <property name="os.name" value="Mac OS X"/>
    <property name="java.vm.specification.version" value="22"/>
    <property name="sun.java.launcher" value="SUN_STANDARD"/>
    <property name="user.country" value="IN"/>
    <property name="sun.boot.library.path" value="/opt/homebrew/Cellar/openjdk/22.0.2/libexec/openjdk.jdk/Contents/Home/lib"/>
    <property name="sun.java.command" value="/Users/nisargdoshi/Documents/Fall 24/Testing /hw-1-solution/hw-1/hw-1-files/coding-problems/target/surefire/surefirebooter-20240914133804016_3.jar /Users/nisargdoshi/Documents/Fall 24/Testing /hw-1-solution/hw-1/hw-1-files/coding-problems/target/surefire 2024-09-14T13-38-03_977-jvmRun1 surefire-20240914133804016_1tmp surefire_0-20240914133804016_2tmp"/>
    <property name="http.nonProxyHosts" value="local|*.local|169.254/16|*.169.254/16"/>
    <property name="jdk.debug" value="release"/>
    <property name="surefire.test.class.path" value="/Users/nisargdoshi/Documents/Fall 24/Testing /hw-1-solution/hw-1/hw-1-files/coding-problems/target/test-classes:/Users/nisargdoshi/Documents/Fall 24/Testing /hw-1-solution/hw-1/hw-1-files/coding-problems/target/classes:/Users/nisargdoshi/.m2/repository/junit/junit/4.12/junit-4.12.jar:/Users/nisargdoshi/.m2/repository/org/hamcrest/hamcrest-core/1.3/hamcrest-core-1.3.jar:"/>
    <property name="sun.cpu.endian" value="little"/>
    <property name="user.home" value="/Users/nisargdoshi"/>
    <property name="user.language" value="en"/>
    <property name="java.specification.vendor" value="Oracle Corporation"/>
    <property name="java.version.date" value="2024-07-16"/>
    <property name="java.home" value="/opt/homebrew/Cellar/openjdk/22.0.2/libexec/openjdk.jdk/Contents/Home"/>
    <property name="file.separator" value="/"/>
    <property name="basedir" value="/Users/nisargdoshi/Documents/Fall 24/Testing /hw-1-solution/hw-1/hw-1-files/coding-problems"/>
    <property name="java.vm.compressedOopsMode" value="Zero based"/>
    <property name="line.separator" value="&#10;"/>
    <property name="java.vm.specification.vendor" value="Oracle Corporation"/>
    <property name="java.specification.name" value="Java Platform API Specification"/>
    <property name="apple.awt.application.name" value="ForkedBooter"/>
    <property name="surefire.real.class.path" value="/Users/nisargdoshi/Documents/Fall 24/Testing /hw-1-solution/hw-1/hw-1-files/coding-problems/target/surefire/surefirebooter-20240914133804016_3.jar"/>
    <property name="sun.management.compiler" value="HotSpot 64-Bit Tiered Compilers"/>
    <property name="ftp.nonProxyHosts" value="local|*.local|169.254/16|*.169.254/16"/>
    <property name="java.runtime.version" value="22.0.2"/>
    <property name="user.name" value="nisargdoshi"/>
    <property name="stdout.encoding" value="UTF-8"/>
    <property name="path.separator" value=":"/>
    <property name="os.version" value="14.6.1"/>
    <property name="java.runtime.name" value="OpenJDK Runtime Environment"/>
    <property name="file.encoding" value="UTF-8"/>
    <property name="java.vm.name" value="OpenJDK 64-Bit Server VM"/>
    <property name="java.vendor.version" value="Homebrew"/>
    <property name="localRepository" value="/Users/nisargdoshi/.m2/repository"/>
    <property name="java.vendor.url.bug" value="https://github.com/Homebrew/homebrew-core/issues"/>
    <property name="java.io.tmpdir" value="/var/folders/4t/1x8pxm050sb5phwxy6wqk65w0000gn/T/"/>
    <property name="java.version" value="22.0.2"/>
    <property name="user.dir" value="/Users/nisargdoshi/Documents/Fall 24/Testing /hw-1-solution/hw-1/hw-1-files/coding-problems"/>
    <property name="os.arch" value="aarch64"/>
    <property name="java.vm.specification.name" value="Java Virtual Machine Specification"/>
    <property name="native.encoding" value="UTF-8"/>
    <property name="java.library.path" value="/Users/nisargdoshi/Library/Java/Extensions:/Library/Java/Extensions:/Network/Library/Java/Extensions:/System/Library/Java/Extensions:/usr/lib/java:."/>
    <property name="java.vm.info" value="mixed mode, sharing"/>
    <property name="stderr.encoding" value="UTF-8"/>
    <property name="java.vendor" value="Homebrew"/>
    <property name="java.vm.version" value="22.0.2"/>
    <property name="sun.io.unicode.encoding" value="UnicodeBig"/>
    <property name="socksNonProxyHosts" value="local|*.local|169.254/16|*.169.254/16"/>
    <property name="java.class.version" value="66.0"/>
  </properties>
  <testcase name="test1" classname="hw1.problem1.TestPairWise3" time="0.001"/>
  <testcase name="test2" classname="hw1.problem1.TestPairWise3" time="0.0"/>
  <testcase name="test3" classname="hw1.problem1.TestPairWise3" time="0.0"/>
  <testcase name="test4" classname="hw1.problem1.TestPairWise3" time="0.0"/>
  <testcase name="test5" classname="hw1.problem1.TestPairWise3" time="0.0"/>
  <testcase name="test6" classname="hw1.problem1.TestPairWise3" time="0.0"/>
  <testcase name="test7" classname="hw1.problem1.TestPairWise3" time="0.001"/>
  <testcase name="test8" classname="hw1.problem1.TestPairWise3" time="0.0"/>
  <testcase name="test9" classname="hw1.problem1.TestPairWise3" time="0.0"/>
</testsuite>